<?xml version="1.0" encoding="UTF-8"?>
<!-- Generated by org.testng.reporters.JUnitReportReporter -->
<testsuite hostname="LAPTOP-E7PRREND" failures="0" tests="3" name="com.qa.testcases.HomePageTest" time="22.980" errors="0" timestamp="12 Dec. 2022 21:01:33 GMT" skipped="0">
  <testcase classname="com.qa.testcases.HomePageTest" name="verifyHomePageTitleTest" time="6.699"/>
  <testcase classname="com.qa.testcases.HomePageTest" name="verifyUserNameTest" time="8.647"/>
  <testcase classname="com.qa.testcases.HomePageTest" name="verifyContactsLinkTest" time="7.634"/>
</testsuite> <!-- com.qa.testcases.HomePageTest -->
