<?xml version="1.0" encoding="UTF-8"?>
<!-- Generated by org.testng.reporters.JUnitReportReporter -->
<testsuite hostname="LAPTOP-E7PRREND" failures="0" tests="3" name="com.qa.testcases.LoginPageTest" time="12.112" errors="0" timestamp="12 Dec. 2022 21:59:30 GMT" skipped="0">
  <testcase classname="com.qa.testcases.LoginPageTest" name="loginPageTitleTest" time="3.001"/>
  <testcase classname="com.qa.testcases.LoginPageTest" name="crmLogoImageTest" time="3.415"/>
  <testcase classname="com.qa.testcases.LoginPageTest" name="loginTest" time="5.696"/>
</testsuite> <!-- com.qa.testcases.LoginPageTest -->
