<?xml version="1.0" encoding="UTF-8"?>
<!-- Generated by org.testng.reporters.JUnitReportReporter -->
<testsuite hostname="LAPTOP-E7PRREND" failures="0" tests="6" name="com.qa.testcases.ContactsPageTest" time="56.580" errors="0" timestamp="12 Dec. 2022 21:14:03 GMT" skipped="0">
  <testcase classname="com.qa.testcases.ContactsPageTest" name="verifyContactsPageLabel" time="7.709"/>
  <testcase classname="com.qa.testcases.ContactsPageTest" name="selectSingleContactsTest" time="7.994"/>
  <testcase classname="com.qa.testcases.ContactsPageTest" name="selectMultipleContactsTest" time="7.674"/>
  <testcase classname="com.qa.testcases.ContactsPageTest" name="validateCreateNewContact" time="12.252"/>
  <testcase classname="com.qa.testcases.ContactsPageTest" name="validateCreateNewContact" time="10.161"/>
  <testcase classname="com.qa.testcases.ContactsPageTest" name="validateCreateNewContact" time="10.790"/>
</testsuite> <!-- com.qa.testcases.ContactsPageTest -->
